<?xml version="1.0" encoding="utf-8"?><testsuites><testsuite name="pytest" errors="0" failures="0" skipped="0" tests="3" time="3.303" timestamp="2025-09-06T19:02:04.060832" hostname="gaojiedeMacBook-Pro.local"><testcase classname="tests.unit.test_basic.TestBasicFunctionality" name="test_apps_import" time="0.026" /><testcase classname="tests.unit.test_basic.TestBasicFunctionality" name="test_django_settings" time="0.001" /><testcase classname="tests.unit.test_basic.TestBasicFunctionality" name="test_models_import" time="0.001" /><testcase time="0.001" /></testsuite></testsuites>